0 info it worked if it ends with ok
1 verbose cli [ 'C:\\Program Files\\nodejs\\\\node.exe',
1 verbose cli   'C:\\Program Files\\nodejs\\node_modules\\npm\\bin\\npm-cli.js',
1 verbose cli   'install',
1 verbose cli   'WebServer.js',
1 verbose cli   '-g' ]
2 info using npm@1.3.2
3 info using node@v0.10.13
4 verbose node symlink C:\Program Files\nodejs\\node.exe
5 verbose cache add [ 'WebServer.js', null ]
6 verbose cache add name=undefined spec="WebServer.js" args=["WebServer.js",null]
7 verbose parsed url { protocol: null,
7 verbose parsed url   slashes: null,
7 verbose parsed url   auth: null,
7 verbose parsed url   host: null,
7 verbose parsed url   port: null,
7 verbose parsed url   hostname: null,
7 verbose parsed url   hash: null,
7 verbose parsed url   search: null,
7 verbose parsed url   query: null,
7 verbose parsed url   pathname: 'WebServer.js',
7 verbose parsed url   path: 'WebServer.js',
7 verbose parsed url   href: 'WebServer.js' }
8 silly lockFile 18df29a6-WebServer-js WebServer.js
9 verbose lock WebServer.js C:\Documents and Settings\Administrator\Application Data\npm-cache\18df29a6-WebServer-js.lock
10 verbose chmod C:\DOCUME~1\ADMINI~1\LOCALS~1\Temp\npm-1424\1373978297520-0.143290652660653\tmp.tgz 644
11 verbose tar unpack C:\DOCUME~1\ADMINI~1\LOCALS~1\Temp\npm-1424\1373978297520-0.143290652660653\tmp.tgz
12 silly lockFile f1eeb423-297520-0-143290652660653-package tar://C:\DOCUME~1\ADMINI~1\LOCALS~1\Temp\npm-1424\1373978297520-0.143290652660653\package
13 verbose lock tar://C:\DOCUME~1\ADMINI~1\LOCALS~1\Temp\npm-1424\1373978297520-0.143290652660653\package C:\Documents and Settings\Administrator\Application Data\npm-cache\f1eeb423-297520-0-143290652660653-package.lock
14 silly lockFile 15fb69e1-297520-0-143290652660653-tmp-tgz tar://C:\DOCUME~1\ADMINI~1\LOCALS~1\Temp\npm-1424\1373978297520-0.143290652660653\tmp.tgz
15 verbose lock tar://C:\DOCUME~1\ADMINI~1\LOCALS~1\Temp\npm-1424\1373978297520-0.143290652660653\tmp.tgz C:\Documents and Settings\Administrator\Application Data\npm-cache\15fb69e1-297520-0-143290652660653-tmp-tgz.lock
16 silly gunzTarPerm modes [ '755', '644' ]
17 error not a package C:\DOCUME~1\ADMINI~1\LOCALS~1\Temp\npm-1424\1373978297520-0.143290652660653\tmp.tgz
18 silly lockFile f1eeb423-297520-0-143290652660653-package tar://C:\DOCUME~1\ADMINI~1\LOCALS~1\Temp\npm-1424\1373978297520-0.143290652660653\package
19 silly lockFile f1eeb423-297520-0-143290652660653-package tar://C:\DOCUME~1\ADMINI~1\LOCALS~1\Temp\npm-1424\1373978297520-0.143290652660653\package
20 silly lockFile 15fb69e1-297520-0-143290652660653-tmp-tgz tar://C:\DOCUME~1\ADMINI~1\LOCALS~1\Temp\npm-1424\1373978297520-0.143290652660653\tmp.tgz
21 silly lockFile 15fb69e1-297520-0-143290652660653-tmp-tgz tar://C:\DOCUME~1\ADMINI~1\LOCALS~1\Temp\npm-1424\1373978297520-0.143290652660653\tmp.tgz
22 silly lockFile 18df29a6-WebServer-js WebServer.js
23 silly lockFile 18df29a6-WebServer-js WebServer.js
24 verbose addNamed [ 'WebServer.js', '' ]
25 verbose addNamed [ null, '*' ]
26 silly lockFile a8bb49f7-WebServer-js WebServer.js@
27 verbose lock WebServer.js@ C:\Documents and Settings\Administrator\Application Data\npm-cache\a8bb49f7-WebServer-js.lock
28 silly addNameRange { name: 'WebServer.js', range: '*', hasData: false }
29 verbose url raw WebServer.js
30 verbose url resolving [ 'https://registry.npmjs.org/', './WebServer.js' ]
31 verbose url resolved https://registry.npmjs.org/WebServer.js
32 info trying registry request attempt 1 at 18:08:17
33 http GET https://registry.npmjs.org/WebServer.js
34 http 404 https://registry.npmjs.org/WebServer.js
35 silly registry.get cb [ 404,
35 silly registry.get   { server: 'CouchDB/1.3.0 (Erlang OTP/R15B03)',
35 silly registry.get     date: 'Tue, 16 Jul 2013 12:38:23 GMT',
35 silly registry.get     'content-type': 'application/json',
35 silly registry.get     'content-length': '52',
35 silly registry.get     'cache-control': 'must-revalidate' } ]
36 silly lockFile a8bb49f7-WebServer-js WebServer.js@
37 silly lockFile a8bb49f7-WebServer-js WebServer.js@
38 error 404 'WebServer.js' is not in the npm registry.
38 error 404 You should bug the author to publish it
38 error 404
38 error 404 Maybe try 'npm search  eb erver'
38 error 404
38 error 404 Note that you can also install from a
38 error 404 tarball, folder, or http url, or git url.
39 error System Windows_NT 5.1.2600
40 error command "C:\\Program Files\\nodejs\\\\node.exe" "C:\\Program Files\\nodejs\\node_modules\\npm\\bin\\npm-cli.js" "install" "WebServer.js" "-g"
41 error cwd D:\Data\Office\DAK\2013\July\Projects\ApplaneBaas\lib
42 error node -v v0.10.13
43 error npm -v 1.3.2
44 error code E404
45 verbose exit [ 1, true ]
